CRITICAL - 2025-01-21 19:19:32 --> CodeIgniter\View\Exceptions\ViewException: Invalid file: "landingpage_view.php"
[Method: GET, Route: landingpage]
in SYSTEMPATH/Exceptions/FrameworkException.php on line 41.
 1 SYSTEMPATH/View/View.php(222): CodeIgniter\Exceptions\FrameworkException::forInvalidFile('landingpage_view.php')
 2 SYSTEMPATH/Common.php(1169): CodeIgniter\View\View->render('landingpage_view', [], true)
 3 APPPATH/Controllers/Landingpage.php(12): view('landingpage_view')
 4 SYSTEMPATH/CodeIgniter.php(933): App\Controllers\Landingpage->index()
 5 SYSTEMPATH/CodeIgniter.php(509): CodeIgniter\CodeIgniter->runController(Object(App\Controllers\Landingpage))
 6 SYSTEMPATH/CodeIgniter.php(355): CodeIgniter\CodeIgniter->handleRequest(null, Object(Config\Cache), false)
 7 SYSTEMPATH/Boot.php(325): CodeIgniter\CodeIgniter->run()
 8 SYSTEMPATH/Boot.php(67): CodeIgniter\Boot::runCodeIgniter(Object(CodeIgniter\CodeIgniter))
 9 FCPATH/index.php(56): CodeIgniter\Boot::bootWeb(Object(Config\Paths))
10 SYSTEMPATH/rewrite.php(44): require_once('/Users/olivdeejay/Sites/beecloud.com.mx/public/index.php')
CRITICAL - 2025-01-21 19:20:36 --> CodeIgniter\View\Exceptions\ViewException: Invalid file: "landingpage_view.php"
[Method: GET, Route: landingpage]
in SYSTEMPATH/Exceptions/FrameworkException.php on line 41.
 1 SYSTEMPATH/View/View.php(222): CodeIgniter\Exceptions\FrameworkException::forInvalidFile('landingpage_view.php')
 2 SYSTEMPATH/Common.php(1169): CodeIgniter\View\View->render('landingpage_view', [], true)
 3 APPPATH/Controllers/Landingpage.php(12): view('landingpage_view')
 4 SYSTEMPATH/CodeIgniter.php(933): App\Controllers\Landingpage->index()
 5 SYSTEMPATH/CodeIgniter.php(509): CodeIgniter\CodeIgniter->runController(Object(App\Controllers\Landingpage))
 6 SYSTEMPATH/CodeIgniter.php(355): CodeIgniter\CodeIgniter->handleRequest(null, Object(Config\Cache), false)
 7 SYSTEMPATH/Boot.php(325): CodeIgniter\CodeIgniter->run()
 8 SYSTEMPATH/Boot.php(67): CodeIgniter\Boot::runCodeIgniter(Object(CodeIgniter\CodeIgniter))
 9 FCPATH/index.php(56): CodeIgniter\Boot::bootWeb(Object(Config\Paths))
10 SYSTEMPATH/rewrite.php(44): require_once('/Users/olivdeejay/Sites/beecloud.com.mx/public/index.php')
CRITICAL - 2025-01-21 19:20:37 --> CodeIgniter\View\Exceptions\ViewException: Invalid file: "landingpage_view.php"
[Method: GET, Route: landingpage]
in SYSTEMPATH/Exceptions/FrameworkException.php on line 41.
 1 SYSTEMPATH/View/View.php(222): CodeIgniter\Exceptions\FrameworkException::forInvalidFile('landingpage_view.php')
 2 SYSTEMPATH/Common.php(1169): CodeIgniter\View\View->render('landingpage_view', [], true)
 3 APPPATH/Controllers/Landingpage.php(12): view('landingpage_view')
 4 SYSTEMPATH/CodeIgniter.php(933): App\Controllers\Landingpage->index()
 5 SYSTEMPATH/CodeIgniter.php(509): CodeIgniter\CodeIgniter->runController(Object(App\Controllers\Landingpage))
 6 SYSTEMPATH/CodeIgniter.php(355): CodeIgniter\CodeIgniter->handleRequest(null, Object(Config\Cache), false)
 7 SYSTEMPATH/Boot.php(325): CodeIgniter\CodeIgniter->run()
 8 SYSTEMPATH/Boot.php(67): CodeIgniter\Boot::runCodeIgniter(Object(CodeIgniter\CodeIgniter))
 9 FCPATH/index.php(56): CodeIgniter\Boot::bootWeb(Object(Config\Paths))
10 SYSTEMPATH/rewrite.php(44): require_once('/Users/olivdeejay/Sites/beecloud.com.mx/public/index.php')
CRITICAL - 2025-01-21 19:20:37 --> CodeIgniter\View\Exceptions\ViewException: Invalid file: "landingpage_view.php"
[Method: GET, Route: landingpage]
in SYSTEMPATH/Exceptions/FrameworkException.php on line 41.
 1 SYSTEMPATH/View/View.php(222): CodeIgniter\Exceptions\FrameworkException::forInvalidFile('landingpage_view.php')
 2 SYSTEMPATH/Common.php(1169): CodeIgniter\View\View->render('landingpage_view', [], true)
 3 APPPATH/Controllers/Landingpage.php(12): view('landingpage_view')
 4 SYSTEMPATH/CodeIgniter.php(933): App\Controllers\Landingpage->index()
 5 SYSTEMPATH/CodeIgniter.php(509): CodeIgniter\CodeIgniter->runController(Object(App\Controllers\Landingpage))
 6 SYSTEMPATH/CodeIgniter.php(355): CodeIgniter\CodeIgniter->handleRequest(null, Object(Config\Cache), false)
 7 SYSTEMPATH/Boot.php(325): CodeIgniter\CodeIgniter->run()
 8 SYSTEMPATH/Boot.php(67): CodeIgniter\Boot::runCodeIgniter(Object(CodeIgniter\CodeIgniter))
 9 FCPATH/index.php(56): CodeIgniter\Boot::bootWeb(Object(Config\Paths))
10 SYSTEMPATH/rewrite.php(44): require_once('/Users/olivdeejay/Sites/beecloud.com.mx/public/index.php')
CRITICAL - 2025-01-21 19:20:38 --> CodeIgniter\View\Exceptions\ViewException: Invalid file: "landingpage_view.php"
[Method: GET, Route: landingpage]
in SYSTEMPATH/Exceptions/FrameworkException.php on line 41.
 1 SYSTEMPATH/View/View.php(222): CodeIgniter\Exceptions\FrameworkException::forInvalidFile('landingpage_view.php')
 2 SYSTEMPATH/Common.php(1169): CodeIgniter\View\View->render('landingpage_view', [], true)
 3 APPPATH/Controllers/Landingpage.php(12): view('landingpage_view')
 4 SYSTEMPATH/CodeIgniter.php(933): App\Controllers\Landingpage->index()
 5 SYSTEMPATH/CodeIgniter.php(509): CodeIgniter\CodeIgniter->runController(Object(App\Controllers\Landingpage))
 6 SYSTEMPATH/CodeIgniter.php(355): CodeIgniter\CodeIgniter->handleRequest(null, Object(Config\Cache), false)
 7 SYSTEMPATH/Boot.php(325): CodeIgniter\CodeIgniter->run()
 8 SYSTEMPATH/Boot.php(67): CodeIgniter\Boot::runCodeIgniter(Object(CodeIgniter\CodeIgniter))
 9 FCPATH/index.php(56): CodeIgniter\Boot::bootWeb(Object(Config\Paths))
10 SYSTEMPATH/rewrite.php(44): require_once('/Users/olivdeejay/Sites/beecloud.com.mx/public/index.php')
CRITICAL - 2025-01-21 19:20:47 --> CodeIgniter\View\Exceptions\ViewException: Invalid file: "landingpage_view.php"
[Method: GET, Route: landingpage]
in SYSTEMPATH/Exceptions/FrameworkException.php on line 41.
 1 SYSTEMPATH/View/View.php(222): CodeIgniter\Exceptions\FrameworkException::forInvalidFile('landingpage_view.php')
 2 SYSTEMPATH/Common.php(1169): CodeIgniter\View\View->render('landingpage_view', [], true)
 3 APPPATH/Controllers/Landingpage.php(12): view('landingpage_view')
 4 SYSTEMPATH/CodeIgniter.php(933): App\Controllers\Landingpage->index()
 5 SYSTEMPATH/CodeIgniter.php(509): CodeIgniter\CodeIgniter->runController(Object(App\Controllers\Landingpage))
 6 SYSTEMPATH/CodeIgniter.php(355): CodeIgniter\CodeIgniter->handleRequest(null, Object(Config\Cache), false)
 7 SYSTEMPATH/Boot.php(325): CodeIgniter\CodeIgniter->run()
 8 SYSTEMPATH/Boot.php(67): CodeIgniter\Boot::runCodeIgniter(Object(CodeIgniter\CodeIgniter))
 9 FCPATH/index.php(56): CodeIgniter\Boot::bootWeb(Object(Config\Paths))
10 SYSTEMPATH/rewrite.php(44): require_once('/Users/olivdeejay/Sites/beecloud.com.mx/public/index.php')
CRITICAL - 2025-01-21 19:21:08 --> CodeIgniter\View\Exceptions\ViewException: Invalid file: "landingpage_view.php"
[Method: GET, Route: landingpage]
in SYSTEMPATH/Exceptions/FrameworkException.php on line 41.
 1 SYSTEMPATH/View/View.php(222): CodeIgniter\Exceptions\FrameworkException::forInvalidFile('landingpage_view.php')
 2 SYSTEMPATH/Common.php(1169): CodeIgniter\View\View->render('landingpage_view', [], true)
 3 APPPATH/Controllers/Landingpage.php(12): view('landingpage_view')
 4 SYSTEMPATH/CodeIgniter.php(933): App\Controllers\Landingpage->index()
 5 SYSTEMPATH/CodeIgniter.php(509): CodeIgniter\CodeIgniter->runController(Object(App\Controllers\Landingpage))
 6 SYSTEMPATH/CodeIgniter.php(355): CodeIgniter\CodeIgniter->handleRequest(null, Object(Config\Cache), false)
 7 SYSTEMPATH/Boot.php(325): CodeIgniter\CodeIgniter->run()
 8 SYSTEMPATH/Boot.php(67): CodeIgniter\Boot::runCodeIgniter(Object(CodeIgniter\CodeIgniter))
 9 FCPATH/index.php(56): CodeIgniter\Boot::bootWeb(Object(Config\Paths))
10 SYSTEMPATH/rewrite.php(44): require_once('/Users/olivdeejay/Sites/beecloud.com.mx/public/index.php')
CRITICAL - 2025-01-21 19:25:32 --> CodeIgniter\View\Exceptions\ViewException: Invalid file: "lp_privacidad_v.php"
[Method: GET, Route: landingpage/privacidad]
in SYSTEMPATH/Exceptions/FrameworkException.php on line 41.
 1 SYSTEMPATH/View/View.php(222): CodeIgniter\Exceptions\FrameworkException::forInvalidFile('lp_privacidad_v.php')
 2 SYSTEMPATH/Common.php(1169): CodeIgniter\View\View->render('lp_privacidad_v', [], true)
 3 APPPATH/Controllers/Landingpage.php(17): view('lp_privacidad_v')
 4 SYSTEMPATH/CodeIgniter.php(933): App\Controllers\Landingpage->privacidad()
 5 SYSTEMPATH/CodeIgniter.php(509): CodeIgniter\CodeIgniter->runController(Object(App\Controllers\Landingpage))
 6 SYSTEMPATH/CodeIgniter.php(355): CodeIgniter\CodeIgniter->handleRequest(null, Object(Config\Cache), false)
 7 SYSTEMPATH/Boot.php(325): CodeIgniter\CodeIgniter->run()
 8 SYSTEMPATH/Boot.php(67): CodeIgniter\Boot::runCodeIgniter(Object(CodeIgniter\CodeIgniter))
 9 FCPATH/index.php(56): CodeIgniter\Boot::bootWeb(Object(Config\Paths))
10 SYSTEMPATH/rewrite.php(44): require_once('/Users/olivdeejay/Sites/beecloud.com.mx/public/index.php')
CRITICAL - 2025-01-21 19:47:14 --> CodeIgniter\View\Exceptions\ViewException: Invalid file: "loader-wrap_v.php"
[Method: GET, Route: landingpage/]
in SYSTEMPATH/Exceptions/FrameworkException.php on line 41.
 1 SYSTEMPATH/View/View.php(222): CodeIgniter\Exceptions\FrameworkException::forInvalidFile('loader-wrap_v.php')
 2 SYSTEMPATH/Common.php(1169): CodeIgniter\View\View->render('loader-wrap_v', [], true)
 3 APPPATH/Views/lp_v.php(11): view('loader-wrap_v')
 4 SYSTEMPATH/View/View.php(234): include('/Users/olivdeejay/Sites/beecloud.com.mx/app/Views/lp_v.php')
 5 SYSTEMPATH/View/View.php(237): CodeIgniter\View\View->CodeIgniter\View\{closure}()
 6 SYSTEMPATH/Common.php(1169): CodeIgniter\View\View->render('lp_v', [], true)
 7 APPPATH/Controllers/Landingpage.php(12): view('lp_v')
 8 SYSTEMPATH/CodeIgniter.php(933): App\Controllers\Landingpage->index()
 9 SYSTEMPATH/CodeIgniter.php(509): CodeIgniter\CodeIgniter->runController(Object(App\Controllers\Landingpage))
10 SYSTEMPATH/CodeIgniter.php(355): CodeIgniter\CodeIgniter->handleRequest(null, Object(Config\Cache), false)
11 SYSTEMPATH/Boot.php(325): CodeIgniter\CodeIgniter->run()
12 SYSTEMPATH/Boot.php(67): CodeIgniter\Boot::runCodeIgniter(Object(CodeIgniter\CodeIgniter))
13 FCPATH/index.php(56): CodeIgniter\Boot::bootWeb(Object(Config\Paths))
14 SYSTEMPATH/rewrite.php(44): require_once('/Users/olivdeejay/Sites/beecloud.com.mx/public/index.php')
