CRITICAL - 2025-01-22 17:02:43 --> ErrorException: Undefined variable $url_facebook
[Method: GET, Route: privacidad]
in APPPATH/Views/lp_privacidad_v.php on line 32.
 1 APPPATH/Views/lp_privacidad_v.php(32): CodeIgniter\Debug\Exceptions->errorHandler(2, 'Undefined variable $url_facebook', '/Users/olivdeejay/Sites/beecloud.com.mx/app/Views/lp_privacidad_v.php', 32)
 2 SYSTEMPATH/View/View.php(234): include('/Users/olivdeejay/Sites/beecloud.com.mx/app/Views/lp_privacidad_v.php')
 3 SYSTEMPATH/View/View.php(237): CodeIgniter\View\View->CodeIgniter\View\{closure}()
 4 SYSTEMPATH/Common.php(1169): CodeIgniter\View\View->render('lp_privacidad_v', [], true)
 5 APPPATH/Controllers/Landingpage.php(26): view('lp_privacidad_v')
 6 SYSTEMPATH/CodeIgniter.php(933): App\Controllers\Landingpage->privacidad()
 7 SYSTEMPATH/CodeIgniter.php(509): CodeIgniter\CodeIgniter->runController(Object(App\Controllers\Landingpage))
 8 SYSTEMPATH/CodeIgniter.php(355): CodeIgniter\CodeIgniter->handleRequest(null, Object(Config\Cache), false)
 9 SYSTEMPATH/Boot.php(325): CodeIgniter\CodeIgniter->run()
10 SYSTEMPATH/Boot.php(67): CodeIgniter\Boot::runCodeIgniter(Object(CodeIgniter\CodeIgniter))
11 FCPATH/index.php(56): CodeIgniter\Boot::bootWeb(Object(Config\Paths))
12 SYSTEMPATH/rewrite.php(44): require_once('/Users/olivdeejay/Sites/beecloud.com.mx/public/index.php')
CRITICAL - 2025-01-22 17:05:12 --> ErrorException: Undefined variable $url_facebook
[Method: GET, Route: privacidad]
in APPPATH/Views/lp_privacidad_v.php on line 32.
 1 APPPATH/Views/lp_privacidad_v.php(32): CodeIgniter\Debug\Exceptions->errorHandler(2, 'Undefined variable $url_facebook', '/Users/olivdeejay/Sites/beecloud.com.mx/app/Views/lp_privacidad_v.php', 32)
 2 SYSTEMPATH/View/View.php(234): include('/Users/olivdeejay/Sites/beecloud.com.mx/app/Views/lp_privacidad_v.php')
 3 SYSTEMPATH/View/View.php(237): CodeIgniter\View\View->CodeIgniter\View\{closure}()
 4 SYSTEMPATH/Common.php(1169): CodeIgniter\View\View->render('lp_privacidad_v', [], true)
 5 APPPATH/Controllers/Landingpage.php(36): view('lp_privacidad_v')
 6 SYSTEMPATH/CodeIgniter.php(933): App\Controllers\Landingpage->privacidad()
 7 SYSTEMPATH/CodeIgniter.php(509): CodeIgniter\CodeIgniter->runController(Object(App\Controllers\Landingpage))
 8 SYSTEMPATH/CodeIgniter.php(355): CodeIgniter\CodeIgniter->handleRequest(null, Object(Config\Cache), false)
 9 SYSTEMPATH/Boot.php(325): CodeIgniter\CodeIgniter->run()
10 SYSTEMPATH/Boot.php(67): CodeIgniter\Boot::runCodeIgniter(Object(CodeIgniter\CodeIgniter))
11 FCPATH/index.php(56): CodeIgniter\Boot::bootWeb(Object(Config\Paths))
12 SYSTEMPATH/rewrite.php(44): require_once('/Users/olivdeejay/Sites/beecloud.com.mx/public/index.php')
CRITICAL - 2025-01-22 17:11:06 --> ErrorException: Undefined variable $url_facebook
[Method: GET, Route: privacidad]
in APPPATH/Views/lp_privacidad_v.php on line 32.
 1 APPPATH/Views/lp_privacidad_v.php(32): CodeIgniter\Debug\Exceptions->errorHandler(2, 'Undefined variable $url_facebook', '/Users/olivdeejay/Sites/beecloud.com.mx/app/Views/lp_privacidad_v.php', 32)
 2 SYSTEMPATH/View/View.php(234): include('/Users/olivdeejay/Sites/beecloud.com.mx/app/Views/lp_privacidad_v.php')
 3 SYSTEMPATH/View/View.php(237): CodeIgniter\View\View->CodeIgniter\View\{closure}()
 4 SYSTEMPATH/Common.php(1169): CodeIgniter\View\View->render('lp_privacidad_v', [], true)
 5 APPPATH/Controllers/Landingpage.php(36): view('lp_privacidad_v')
 6 SYSTEMPATH/CodeIgniter.php(933): App\Controllers\Landingpage->privacidad()
 7 SYSTEMPATH/CodeIgniter.php(509): CodeIgniter\CodeIgniter->runController(Object(App\Controllers\Landingpage))
 8 SYSTEMPATH/CodeIgniter.php(355): CodeIgniter\CodeIgniter->handleRequest(null, Object(Config\Cache), false)
 9 SYSTEMPATH/Boot.php(325): CodeIgniter\CodeIgniter->run()
10 SYSTEMPATH/Boot.php(67): CodeIgniter\Boot::runCodeIgniter(Object(CodeIgniter\CodeIgniter))
11 FCPATH/index.php(56): CodeIgniter\Boot::bootWeb(Object(Config\Paths))
12 SYSTEMPATH/rewrite.php(44): require_once('/Users/olivdeejay/Sites/beecloud.com.mx/public/index.php')
CRITICAL - 2025-01-22 17:11:07 --> ErrorException: Undefined variable $url_facebook
[Method: GET, Route: privacidad]
in APPPATH/Views/lp_privacidad_v.php on line 32.
 1 APPPATH/Views/lp_privacidad_v.php(32): CodeIgniter\Debug\Exceptions->errorHandler(2, 'Undefined variable $url_facebook', '/Users/olivdeejay/Sites/beecloud.com.mx/app/Views/lp_privacidad_v.php', 32)
 2 SYSTEMPATH/View/View.php(234): include('/Users/olivdeejay/Sites/beecloud.com.mx/app/Views/lp_privacidad_v.php')
 3 SYSTEMPATH/View/View.php(237): CodeIgniter\View\View->CodeIgniter\View\{closure}()
 4 SYSTEMPATH/Common.php(1169): CodeIgniter\View\View->render('lp_privacidad_v', [], true)
 5 APPPATH/Controllers/Landingpage.php(36): view('lp_privacidad_v')
 6 SYSTEMPATH/CodeIgniter.php(933): App\Controllers\Landingpage->privacidad()
 7 SYSTEMPATH/CodeIgniter.php(509): CodeIgniter\CodeIgniter->runController(Object(App\Controllers\Landingpage))
 8 SYSTEMPATH/CodeIgniter.php(355): CodeIgniter\CodeIgniter->handleRequest(null, Object(Config\Cache), false)
 9 SYSTEMPATH/Boot.php(325): CodeIgniter\CodeIgniter->run()
10 SYSTEMPATH/Boot.php(67): CodeIgniter\Boot::runCodeIgniter(Object(CodeIgniter\CodeIgniter))
11 FCPATH/index.php(56): CodeIgniter\Boot::bootWeb(Object(Config\Paths))
12 SYSTEMPATH/rewrite.php(44): require_once('/Users/olivdeejay/Sites/beecloud.com.mx/public/index.php')
CRITICAL - 2025-01-22 17:11:08 --> ErrorException: Undefined variable $url_facebook
[Method: GET, Route: privacidad]
in APPPATH/Views/lp_privacidad_v.php on line 32.
 1 APPPATH/Views/lp_privacidad_v.php(32): CodeIgniter\Debug\Exceptions->errorHandler(2, 'Undefined variable $url_facebook', '/Users/olivdeejay/Sites/beecloud.com.mx/app/Views/lp_privacidad_v.php', 32)
 2 SYSTEMPATH/View/View.php(234): include('/Users/olivdeejay/Sites/beecloud.com.mx/app/Views/lp_privacidad_v.php')
 3 SYSTEMPATH/View/View.php(237): CodeIgniter\View\View->CodeIgniter\View\{closure}()
 4 SYSTEMPATH/Common.php(1169): CodeIgniter\View\View->render('lp_privacidad_v', [], true)
 5 APPPATH/Controllers/Landingpage.php(36): view('lp_privacidad_v')
 6 SYSTEMPATH/CodeIgniter.php(933): App\Controllers\Landingpage->privacidad()
 7 SYSTEMPATH/CodeIgniter.php(509): CodeIgniter\CodeIgniter->runController(Object(App\Controllers\Landingpage))
 8 SYSTEMPATH/CodeIgniter.php(355): CodeIgniter\CodeIgniter->handleRequest(null, Object(Config\Cache), false)
 9 SYSTEMPATH/Boot.php(325): CodeIgniter\CodeIgniter->run()
10 SYSTEMPATH/Boot.php(67): CodeIgniter\Boot::runCodeIgniter(Object(CodeIgniter\CodeIgniter))
11 FCPATH/index.php(56): CodeIgniter\Boot::bootWeb(Object(Config\Paths))
12 SYSTEMPATH/rewrite.php(44): require_once('/Users/olivdeejay/Sites/beecloud.com.mx/public/index.php')
CRITICAL - 2025-01-22 17:11:08 --> ErrorException: Undefined variable $url_facebook
[Method: GET, Route: privacidad]
in APPPATH/Views/lp_privacidad_v.php on line 32.
 1 APPPATH/Views/lp_privacidad_v.php(32): CodeIgniter\Debug\Exceptions->errorHandler(2, 'Undefined variable $url_facebook', '/Users/olivdeejay/Sites/beecloud.com.mx/app/Views/lp_privacidad_v.php', 32)
 2 SYSTEMPATH/View/View.php(234): include('/Users/olivdeejay/Sites/beecloud.com.mx/app/Views/lp_privacidad_v.php')
 3 SYSTEMPATH/View/View.php(237): CodeIgniter\View\View->CodeIgniter\View\{closure}()
 4 SYSTEMPATH/Common.php(1169): CodeIgniter\View\View->render('lp_privacidad_v', [], true)
 5 APPPATH/Controllers/Landingpage.php(36): view('lp_privacidad_v')
 6 SYSTEMPATH/CodeIgniter.php(933): App\Controllers\Landingpage->privacidad()
 7 SYSTEMPATH/CodeIgniter.php(509): CodeIgniter\CodeIgniter->runController(Object(App\Controllers\Landingpage))
 8 SYSTEMPATH/CodeIgniter.php(355): CodeIgniter\CodeIgniter->handleRequest(null, Object(Config\Cache), false)
 9 SYSTEMPATH/Boot.php(325): CodeIgniter\CodeIgniter->run()
10 SYSTEMPATH/Boot.php(67): CodeIgniter\Boot::runCodeIgniter(Object(CodeIgniter\CodeIgniter))
11 FCPATH/index.php(56): CodeIgniter\Boot::bootWeb(Object(Config\Paths))
12 SYSTEMPATH/rewrite.php(44): require_once('/Users/olivdeejay/Sites/beecloud.com.mx/public/index.php')
CRITICAL - 2025-01-22 17:11:08 --> ErrorException: Undefined variable $url_facebook
[Method: GET, Route: privacidad]
in APPPATH/Views/lp_privacidad_v.php on line 32.
 1 APPPATH/Views/lp_privacidad_v.php(32): CodeIgniter\Debug\Exceptions->errorHandler(2, 'Undefined variable $url_facebook', '/Users/olivdeejay/Sites/beecloud.com.mx/app/Views/lp_privacidad_v.php', 32)
 2 SYSTEMPATH/View/View.php(234): include('/Users/olivdeejay/Sites/beecloud.com.mx/app/Views/lp_privacidad_v.php')
 3 SYSTEMPATH/View/View.php(237): CodeIgniter\View\View->CodeIgniter\View\{closure}()
 4 SYSTEMPATH/Common.php(1169): CodeIgniter\View\View->render('lp_privacidad_v', [], true)
 5 APPPATH/Controllers/Landingpage.php(36): view('lp_privacidad_v')
 6 SYSTEMPATH/CodeIgniter.php(933): App\Controllers\Landingpage->privacidad()
 7 SYSTEMPATH/CodeIgniter.php(509): CodeIgniter\CodeIgniter->runController(Object(App\Controllers\Landingpage))
 8 SYSTEMPATH/CodeIgniter.php(355): CodeIgniter\CodeIgniter->handleRequest(null, Object(Config\Cache), false)
 9 SYSTEMPATH/Boot.php(325): CodeIgniter\CodeIgniter->run()
10 SYSTEMPATH/Boot.php(67): CodeIgniter\Boot::runCodeIgniter(Object(CodeIgniter\CodeIgniter))
11 FCPATH/index.php(56): CodeIgniter\Boot::bootWeb(Object(Config\Paths))
12 SYSTEMPATH/rewrite.php(44): require_once('/Users/olivdeejay/Sites/beecloud.com.mx/public/index.php')
CRITICAL - 2025-01-22 17:11:08 --> ErrorException: Undefined variable $url_facebook
[Method: GET, Route: privacidad]
in APPPATH/Views/lp_privacidad_v.php on line 32.
 1 APPPATH/Views/lp_privacidad_v.php(32): CodeIgniter\Debug\Exceptions->errorHandler(2, 'Undefined variable $url_facebook', '/Users/olivdeejay/Sites/beecloud.com.mx/app/Views/lp_privacidad_v.php', 32)
 2 SYSTEMPATH/View/View.php(234): include('/Users/olivdeejay/Sites/beecloud.com.mx/app/Views/lp_privacidad_v.php')
 3 SYSTEMPATH/View/View.php(237): CodeIgniter\View\View->CodeIgniter\View\{closure}()
 4 SYSTEMPATH/Common.php(1169): CodeIgniter\View\View->render('lp_privacidad_v', [], true)
 5 APPPATH/Controllers/Landingpage.php(36): view('lp_privacidad_v')
 6 SYSTEMPATH/CodeIgniter.php(933): App\Controllers\Landingpage->privacidad()
 7 SYSTEMPATH/CodeIgniter.php(509): CodeIgniter\CodeIgniter->runController(Object(App\Controllers\Landingpage))
 8 SYSTEMPATH/CodeIgniter.php(355): CodeIgniter\CodeIgniter->handleRequest(null, Object(Config\Cache), false)
 9 SYSTEMPATH/Boot.php(325): CodeIgniter\CodeIgniter->run()
10 SYSTEMPATH/Boot.php(67): CodeIgniter\Boot::runCodeIgniter(Object(CodeIgniter\CodeIgniter))
11 FCPATH/index.php(56): CodeIgniter\Boot::bootWeb(Object(Config\Paths))
12 SYSTEMPATH/rewrite.php(44): require_once('/Users/olivdeejay/Sites/beecloud.com.mx/public/index.php')
CRITICAL - 2025-01-22 17:11:08 --> ErrorException: Undefined variable $url_facebook
[Method: GET, Route: privacidad]
in APPPATH/Views/lp_privacidad_v.php on line 32.
 1 APPPATH/Views/lp_privacidad_v.php(32): CodeIgniter\Debug\Exceptions->errorHandler(2, 'Undefined variable $url_facebook', '/Users/olivdeejay/Sites/beecloud.com.mx/app/Views/lp_privacidad_v.php', 32)
 2 SYSTEMPATH/View/View.php(234): include('/Users/olivdeejay/Sites/beecloud.com.mx/app/Views/lp_privacidad_v.php')
 3 SYSTEMPATH/View/View.php(237): CodeIgniter\View\View->CodeIgniter\View\{closure}()
 4 SYSTEMPATH/Common.php(1169): CodeIgniter\View\View->render('lp_privacidad_v', [], true)
 5 APPPATH/Controllers/Landingpage.php(36): view('lp_privacidad_v')
 6 SYSTEMPATH/CodeIgniter.php(933): App\Controllers\Landingpage->privacidad()
 7 SYSTEMPATH/CodeIgniter.php(509): CodeIgniter\CodeIgniter->runController(Object(App\Controllers\Landingpage))
 8 SYSTEMPATH/CodeIgniter.php(355): CodeIgniter\CodeIgniter->handleRequest(null, Object(Config\Cache), false)
 9 SYSTEMPATH/Boot.php(325): CodeIgniter\CodeIgniter->run()
10 SYSTEMPATH/Boot.php(67): CodeIgniter\Boot::runCodeIgniter(Object(CodeIgniter\CodeIgniter))
11 FCPATH/index.php(56): CodeIgniter\Boot::bootWeb(Object(Config\Paths))
12 SYSTEMPATH/rewrite.php(44): require_once('/Users/olivdeejay/Sites/beecloud.com.mx/public/index.php')
CRITICAL - 2025-01-22 17:11:08 --> ErrorException: Undefined variable $url_facebook
[Method: GET, Route: privacidad]
in APPPATH/Views/lp_privacidad_v.php on line 32.
 1 APPPATH/Views/lp_privacidad_v.php(32): CodeIgniter\Debug\Exceptions->errorHandler(2, 'Undefined variable $url_facebook', '/Users/olivdeejay/Sites/beecloud.com.mx/app/Views/lp_privacidad_v.php', 32)
 2 SYSTEMPATH/View/View.php(234): include('/Users/olivdeejay/Sites/beecloud.com.mx/app/Views/lp_privacidad_v.php')
 3 SYSTEMPATH/View/View.php(237): CodeIgniter\View\View->CodeIgniter\View\{closure}()
 4 SYSTEMPATH/Common.php(1169): CodeIgniter\View\View->render('lp_privacidad_v', [], true)
 5 APPPATH/Controllers/Landingpage.php(36): view('lp_privacidad_v')
 6 SYSTEMPATH/CodeIgniter.php(933): App\Controllers\Landingpage->privacidad()
 7 SYSTEMPATH/CodeIgniter.php(509): CodeIgniter\CodeIgniter->runController(Object(App\Controllers\Landingpage))
 8 SYSTEMPATH/CodeIgniter.php(355): CodeIgniter\CodeIgniter->handleRequest(null, Object(Config\Cache), false)
 9 SYSTEMPATH/Boot.php(325): CodeIgniter\CodeIgniter->run()
10 SYSTEMPATH/Boot.php(67): CodeIgniter\Boot::runCodeIgniter(Object(CodeIgniter\CodeIgniter))
11 FCPATH/index.php(56): CodeIgniter\Boot::bootWeb(Object(Config\Paths))
12 SYSTEMPATH/rewrite.php(44): require_once('/Users/olivdeejay/Sites/beecloud.com.mx/public/index.php')
CRITICAL - 2025-01-22 17:15:04 --> ParseError: syntax error, unexpected token "return"
[Method: GET, Route: privacidad]
in APPPATH/Controllers/Landingpage.php on line 39.
 1 SYSTEMPATH/Autoloader/Autoloader.php(296): CodeIgniter\Autoloader\Autoloader->includeFile('/Users/olivdeejay/Sites/beecloud.com.mx/app/Controllers/Landingpage.php')
 2 SYSTEMPATH/Autoloader/Autoloader.php(272): CodeIgniter\Autoloader\Autoloader->loadInNamespace('App\\Controllers\\Landingpage')
 3 [internal function]: CodeIgniter\Autoloader\Autoloader->loadClass('App\\Controllers\\Landingpage')
 4 SYSTEMPATH/CodeIgniter.php(887): class_exists('\\App\\Controllers\\Landingpage', true)
 5 SYSTEMPATH/CodeIgniter.php(496): CodeIgniter\CodeIgniter->startController()
 6 SYSTEMPATH/CodeIgniter.php(355): CodeIgniter\CodeIgniter->handleRequest(null, Object(Config\Cache), false)
 7 SYSTEMPATH/Boot.php(325): CodeIgniter\CodeIgniter->run()
 8 SYSTEMPATH/Boot.php(67): CodeIgniter\Boot::runCodeIgniter(Object(CodeIgniter\CodeIgniter))
 9 FCPATH/index.php(56): CodeIgniter\Boot::bootWeb(Object(Config\Paths))
10 SYSTEMPATH/rewrite.php(44): require_once('/Users/olivdeejay/Sites/beecloud.com.mx/public/index.php')
CRITICAL - 2025-01-22 17:15:20 --> ErrorException: Undefined variable $url_facebook
[Method: GET, Route: privacidad]
in APPPATH/Views/lp_privacidad_v.php on line 32.
 1 APPPATH/Views/lp_privacidad_v.php(32): CodeIgniter\Debug\Exceptions->errorHandler(2, 'Undefined variable $url_facebook', '/Users/olivdeejay/Sites/beecloud.com.mx/app/Views/lp_privacidad_v.php', 32)
 2 SYSTEMPATH/View/View.php(234): include('/Users/olivdeejay/Sites/beecloud.com.mx/app/Views/lp_privacidad_v.php')
 3 SYSTEMPATH/View/View.php(237): CodeIgniter\View\View->CodeIgniter\View\{closure}()
 4 SYSTEMPATH/Common.php(1169): CodeIgniter\View\View->render('lp_privacidad_v', [], true)
 5 APPPATH/Controllers/Landingpage.php(39): view('lp_privacidad_v')
 6 SYSTEMPATH/CodeIgniter.php(933): App\Controllers\Landingpage->privacidad()
 7 SYSTEMPATH/CodeIgniter.php(509): CodeIgniter\CodeIgniter->runController(Object(App\Controllers\Landingpage))
 8 SYSTEMPATH/CodeIgniter.php(355): CodeIgniter\CodeIgniter->handleRequest(null, Object(Config\Cache), false)
 9 SYSTEMPATH/Boot.php(325): CodeIgniter\CodeIgniter->run()
10 SYSTEMPATH/Boot.php(67): CodeIgniter\Boot::runCodeIgniter(Object(CodeIgniter\CodeIgniter))
11 FCPATH/index.php(56): CodeIgniter\Boot::bootWeb(Object(Config\Paths))
12 SYSTEMPATH/rewrite.php(44): require_once('/Users/olivdeejay/Sites/beecloud.com.mx/public/index.php')
CRITICAL - 2025-01-22 17:26:45 --> CodeIgniter\View\Exceptions\ViewException: Invalid file: "p_v.php"
[Method: GET, Route: /]
in SYSTEMPATH/Exceptions/FrameworkException.php on line 41.
 1 SYSTEMPATH/View/View.php(222): CodeIgniter\Exceptions\FrameworkException::forInvalidFile('p_v.php')
 2 SYSTEMPATH/Common.php(1169): CodeIgniter\View\View->render('p_v', [], true)
 3 APPPATH/Controllers/Landingpage.php(21): view('p_v', [...])
 4 SYSTEMPATH/CodeIgniter.php(933): App\Controllers\Landingpage->index()
 5 SYSTEMPATH/CodeIgniter.php(509): CodeIgniter\CodeIgniter->runController(Object(App\Controllers\Landingpage))
 6 SYSTEMPATH/CodeIgniter.php(355): CodeIgniter\CodeIgniter->handleRequest(null, Object(Config\Cache), false)
 7 SYSTEMPATH/Boot.php(325): CodeIgniter\CodeIgniter->run()
 8 SYSTEMPATH/Boot.php(67): CodeIgniter\Boot::runCodeIgniter(Object(CodeIgniter\CodeIgniter))
 9 FCPATH/index.php(56): CodeIgniter\Boot::bootWeb(Object(Config\Paths))
10 SYSTEMPATH/rewrite.php(44): require_once('/Users/olivdeejay/Sites/beecloud.com.mx/public/index.php')
